commit 3986293a9df905619b4c4ad9943e9ea9243c6c71
Author: Merci4dev <merci4dev@gmail.com>
Date:   Mon Nov 14 01:01:21 2022 -0600

    agregando 2 parafos

commit 92a391f609d0f77d54ff6a74e248feef6fedb067
Merge: a2d3a4b ab1a9d2
Author: Merci4dev <merci4dev@gmail.com>
Date:   Mon Nov 14 00:56:01 2022 -0600

    estaciones fechas added

commit a2d3a4bef181e422f9fdb468b3abb9deb9667057
Author: Merci4dev <merci4dev@gmail.com>
Date:   Mon Nov 14 00:38:57 2022 -0600

    entaciones de año con fechas

commit ab1a9d2c8b859548cd1531895902488a75434d7a
Author: Merci4dev <merci4dev@gmail.com>
Date:   Sun Nov 13 23:25:45 2022 -0600

    estacines added

commit 2e9fdccfc3826fdcc013097a00a49c20d038b348
Merge: 43f87b6 64cb8af
Author: Merci4dev <merci4dev@gmail.com>
Date:   Sun Nov 13 23:16:02 2022 -0600

    merge conflict solved at css

commit 43f87b6647794d610e2fa607cdf3153900d02a26
Merge: 82d732e bca7855
Author: Merci4dev <merci4dev@gmail.com>
Date:   Sun Nov 13 23:05:50 2022 -0600

    Merge branch html file

commit bca78554d4d5f60442113a94765e224966fed3b2
Author: Merci4dev <merci4dev@gmail.com>
Date:   Sun Nov 13 23:03:43 2022 -0600

    js file added

commit 82d732edc90b434847bbf0f7689600d4713450bd
Merge: 61e5502 f697040
Author: Merci4dev <merci4dev@gmail.com>
Date:   Sun Nov 13 22:57:46 2022 -0600

    Merge branch 'html'

commit 61e5502787220bf667e129f961990822967399d0
Author: Merci4dev <merci4dev@gmail.com>
Date:   Sun Nov 13 22:52:34 2022 -0600

    Fusiones en file .md added

commit 64cb8af9ec8ac56f5470d7c07e84fba4a6e6ee12
Author: Merci4dev <merci4dev@gmail.com>
Date:   Sun Nov 13 22:41:56 2022 -0600

    leaving css branch

commit 2f80dfe5da7ead46167a837d5391e1b907879c86
Author: Merci4dev <merci4dev@gmail.com>
Date:   Sun Nov 13 22:28:52 2022 -0600

    css styles added

commit f697040db6e5e368472b820637d48709923df3d9
Author: Merci4dev <merci4dev@gmail.com>
Date:   Sun Nov 13 22:21:00 2022 -0600

    html added

commit c66c3a62a31c550c8d8b69272c777177546fad08
Author: Merci4dev <merci4dev@gmail.com>
Date:   Sun Nov 13 21:47:05 2022 -0600

    Ignorando lo .exe files

commit b02515a395a71a37c72c11782cba9edc681098dd
Author: Merci4dev <117971490+Merci4dev@users.noreply.github.com>
Date:   Sun Nov 13 21:12:26 2022 -0600

    creando licensia del repo

commit b901dbe25fba21302ce3e38a86b265cf61752143
Author: Merci4dev <merci4dev@gmail.com>
Date:   Sun Nov 13 20:49:24 2022 -0600

    segundo commit added

commit 16bd2569efd8ca6ab83652b87b11171f24074118
Author: Merci4dev <merci4dev@gmail.com>
Date:   Sun Nov 13 20:44:25 2022 -0600

    Primer commit del  curso
