* 3986293 agregando 2 parafos
*   92a391f estaciones fechas added
|\  
| * ab1a9d2 estacines added
* | a2d3a4b entaciones de año con fechas
|/  
*   2e9fdcc merge conflict solved at css
|\  
| * 64cb8af leaving css branch
| * 2f80dfe css styles added
* |   43f87b6 Merge branch html file
|\ \  
| * | bca7855 js file added
| |/  
* | 82d732e Merge branch 'html'
|\| 
| * f697040 html added
* | 61e5502 Fusiones en file .md added
|/  
| * a47ac26 js fiel created
|/  
* c66c3a6 Ignorando lo .exe files
* b02515a creando licensia del repo
* b901dbe segundo commit added
* 16bd256 Primer commit del  curso
